app/build/intermediates/manifest_merge_blame_file/debug/processDebugMainManifest/manifest-merger-blame-debug-report.txt
1<?xml version="1.0" encoding="utf-8"?>
2<manifest xmlns:android="http://schemas.android.com/apk/res/android"
3    package="com.example.superid"
4    android:versionCode="1"
5    android:versionName="1.0" >
6
7    <uses-sdk
8        android:minSdkVersion="24"
9        android:targetSdkVersion="35" />
10
11    <uses-feature
11-->src/main/AndroidManifest.xml:5:5-7:36
12        android:name="android.hardware.camera"
12-->src/main/AndroidManifest.xml:6:9-47
13        android:required="false" />
13-->src/main/AndroidManifest.xml:7:9-33
14
15    <uses-permission android:name="android.permission.CAMERA" />
15-->src/main/AndroidManifest.xml:8:5-65
15-->src/main/AndroidManifest.xml:8:22-62
16    <uses-permission android:name="android.permission.INTERNET" />
16-->[com.google.firebase:firebase-auth:23.2.0] AndroidManifest.xml:25:5-67
16-->[com.google.firebase:firebase-auth:23.2.0] AndroidManifest.xml:25:22-64
17    <uses-permission android:name="android.permission.ACCESS_NETWORK_STATE" />
17-->[com.google.firebase:firebase-auth:23.2.0] AndroidManifest.xml:26:5-79
17-->[com.google.firebase:firebase-auth:23.2.0] AndroidManifest.xml:26:22-76
18    <uses-permission android:name="android.permission.WAKE_LOCK" />
18-->[com.google.android.gms:play-services-measurement:22.4.0] AndroidManifest.xml:25:5-68
18-->[com.google.android.gms:play-services-measurement:22.4.0] AndroidManifest.xml:25:22-65
19    <uses-permission android:name="com.google.android.finsky.permission.BIND_GET_INSTALL_REFERRER_SERVICE" />
19-->[com.google.android.gms:play-services-measurement:22.4.0] AndroidManifest.xml:26:5-110
19-->[com.google.android.gms:play-services-measurement:22.4.0] AndroidManifest.xml:26:22-107
20    <uses-permission android:name="com.google.android.gms.permission.AD_ID" />
20-->[com.google.android.gms:play-services-measurement-api:22.4.0] AndroidManifest.xml:25:5-79
20-->[com.google.android.gms:play-services-measurement-api:22.4.0] AndroidManifest.xml:25:22-76
21    <uses-permission android:name="android.permission.ACCESS_ADSERVICES_ATTRIBUTION" />
21-->[com.google.android.gms:play-services-measurement-api:22.4.0] AndroidManifest.xml:26:5-88
21-->[com.google.android.gms:play-services-measurement-api:22.4.0] AndroidManifest.xml:26:22-85
22    <uses-permission android:name="android.permission.ACCESS_ADSERVICES_AD_ID" />
22-->[com.google.android.gms:play-services-measurement-api:22.4.0] AndroidManifest.xml:27:5-82
22-->[com.google.android.gms:play-services-measurement-api:22.4.0] AndroidManifest.xml:27:22-79
23    <uses-permission android:name="com.google.android.providers.gsf.permission.READ_GSERVICES" />
23-->[com.google.android.recaptcha:recaptcha:18.6.1] AndroidManifest.xml:9:5-98
23-->[com.google.android.recaptcha:recaptcha:18.6.1] AndroidManifest.xml:9:22-95
24
25    <permission
25-->[androidx.core:core:1.15.0] AndroidManifest.xml:22:5-24:47
26        android:name="com.example.superid.DYNAMIC_RECEIVER_NOT_EXPORTED_PERMISSION"
26-->[androidx.core:core:1.15.0] AndroidManifest.xml:23:9-81
27        android:protectionLevel="signature" />
27-->[androidx.core:core:1.15.0] AndroidManifest.xml:24:9-44
28
29    <uses-permission android:name="com.example.superid.DYNAMIC_RECEIVER_NOT_EXPORTED_PERMISSION" />
29-->[androidx.core:core:1.15.0] AndroidManifest.xml:26:5-97
29-->[androidx.core:core:1.15.0] AndroidManifest.xml:26:22-94
30
31    <application
31-->src/main/AndroidManifest.xml:10:5-40:19
32        android:allowBackup="true"
32-->src/main/AndroidManifest.xml:12:9-35
33        android:appComponentFactory="androidx.core.app.CoreComponentFactory"
33-->[androidx.core:core:1.15.0] AndroidManifest.xml:28:18-86
34        android:dataExtractionRules="@xml/data_extraction_rules"
34-->src/main/AndroidManifest.xml:13:9-65
35        android:debuggable="true"
36        android:extractNativeLibs="false"
37        android:fullBackupContent="@xml/backup_rules"
37-->src/main/AndroidManifest.xml:14:9-54
38        android:icon="@mipmap/ic_launcher"
38-->src/main/AndroidManifest.xml:15:9-43
39        android:label="@string/app_name"
39-->src/main/AndroidManifest.xml:16:9-41
40        android:roundIcon="@mipmap/ic_launcher"
40-->src/main/AndroidManifest.xml:17:9-48
41        android:supportsRtl="true"
41-->src/main/AndroidManifest.xml:18:9-35
42        android:testOnly="true"
43        android:theme="@style/Theme.SuperID" >
43-->src/main/AndroidManifest.xml:19:9-45
44
45        <!-- <application -->
46        <!-- android:label="@string/title_activity_settings" -->
47        <!-- android:icon="@mipmap/ic_settings_launcher">  &lt;!&ndash; Corrected line &ndash;&gt; -->
48        <!-- &lt;!&ndash; other activity settings like intent filters &ndash;&gt; -->
49        <!-- </application> -->
50
51        <activity
51-->src/main/AndroidManifest.xml:28:9-39:20
52            android:name="com.example.superid.MainActivity"
52-->src/main/AndroidManifest.xml:29:13-41
53            android:exported="true"
53-->src/main/AndroidManifest.xml:30:13-36
54            android:label="@string/app_name"
54-->src/main/AndroidManifest.xml:31:13-45
55            android:theme="@style/Theme.SuperID" >
55-->src/main/AndroidManifest.xml:32:13-49
56            <intent-filter>
56-->src/main/AndroidManifest.xml:34:13-38:29
57                <action android:name="android.intent.action.MAIN" />
57-->src/main/AndroidManifest.xml:35:17-69
57-->src/main/AndroidManifest.xml:35:25-66
58
59                <category android:name="android.intent.category.LAUNCHER" />
59-->src/main/AndroidManifest.xml:37:17-77
59-->src/main/AndroidManifest.xml:37:27-74
60            </intent-filter>
61        </activity>
62        <activity
62-->[androidx.compose.ui:ui-tooling-android:1.7.0] AndroidManifest.xml:23:9-25:39
63            android:name="androidx.compose.ui.tooling.PreviewActivity"
63-->[androidx.compose.ui:ui-tooling-android:1.7.0] AndroidManifest.xml:24:13-71
64            android:exported="true" />
64-->[androidx.compose.ui:ui-tooling-android:1.7.0] AndroidManifest.xml:25:13-36
65        <activity
65-->[androidx.compose.ui:ui-test-manifest:1.7.0] AndroidManifest.xml:23:9-25:39
66            android:name="androidx.activity.ComponentActivity"
66-->[androidx.compose.ui:ui-test-manifest:1.7.0] AndroidManifest.xml:24:13-63
67            android:exported="true" />
67-->[androidx.compose.ui:ui-test-manifest:1.7.0] AndroidManifest.xml:25:13-36
68
69        <service
69-->[com.google.firebase:firebase-auth-ktx:23.2.0] AndroidManifest.xml:8:9-14:19
70            android:name="com.google.firebase.components.ComponentDiscoveryService"
70-->[com.google.firebase:firebase-auth-ktx:23.2.0] AndroidManifest.xml:9:13-84
71            android:directBootAware="true"
71-->[com.google.firebase:firebase-common:21.0.0] AndroidManifest.xml:32:13-43
72            android:exported="false" >
72-->[com.google.firebase:firebase-auth-ktx:23.2.0] AndroidManifest.xml:10:13-37
73            <meta-data
73-->[com.google.firebase:firebase-auth-ktx:23.2.0] AndroidManifest.xml:11:13-13:85
74                android:name="com.google.firebase.components:com.google.firebase.auth.ktx.FirebaseAuthLegacyRegistrar"
74-->[com.google.firebase:firebase-auth-ktx:23.2.0] AndroidManifest.xml:12:17-119
75                android:value="com.google.firebase.components.ComponentRegistrar" />
75-->[com.google.firebase:firebase-auth-ktx:23.2.0] AndroidManifest.xml:13:17-82
76            <meta-data
76-->[com.google.firebase:firebase-auth:23.2.0] AndroidManifest.xml:69:13-71:85
77                android:name="com.google.firebase.components:com.google.firebase.auth.FirebaseAuthRegistrar"
77-->[com.google.firebase:firebase-auth:23.2.0] AndroidManifest.xml:70:17-109
78                android:value="com.google.firebase.components.ComponentRegistrar" />
78-->[com.google.firebase:firebase-auth:23.2.0] AndroidManifest.xml:71:17-82
79            <meta-data
79-->[com.google.firebase:firebase-firestore-ktx:25.1.3] AndroidManifest.xml:12:13-14:85
80                android:name="com.google.firebase.components:com.google.firebase.firestore.ktx.FirebaseFirestoreLegacyRegistrar"
80-->[com.google.firebase:firebase-firestore-ktx:25.1.3] AndroidManifest.xml:13:17-129
81                android:value="com.google.firebase.components.ComponentRegistrar" />
81-->[com.google.firebase:firebase-firestore-ktx:25.1.3] AndroidManifest.xml:14:17-82
82            <meta-data
82-->[com.google.firebase:firebase-firestore:25.1.3] AndroidManifest.xml:17:13-19:85
83                android:name="com.google.firebase.components:com.google.firebase.firestore.FirebaseFirestoreKtxRegistrar"
83-->[com.google.firebase:firebase-firestore:25.1.3] AndroidManifest.xml:18:17-122
84                android:value="com.google.firebase.components.ComponentRegistrar" />
84-->[com.google.firebase:firebase-firestore:25.1.3] AndroidManifest.xml:19:17-82
85            <meta-data
85-->[com.google.firebase:firebase-firestore:25.1.3] AndroidManifest.xml:20:13-22:85
86                android:name="com.google.firebase.components:com.google.firebase.firestore.FirestoreRegistrar"
86-->[com.google.firebase:firebase-firestore:25.1.3] AndroidManifest.xml:21:17-111
87                android:value="com.google.firebase.components.ComponentRegistrar" />
87-->[com.google.firebase:firebase-firestore:25.1.3] AndroidManifest.xml:22:17-82
88            <meta-data
88-->[com.google.android.gms:play-services-measurement-api:22.4.0] AndroidManifest.xml:33:13-35:85
89                android:name="com.google.firebase.components:com.google.firebase.analytics.connector.internal.AnalyticsConnectorRegistrar"
89-->[com.google.android.gms:play-services-measurement-api:22.4.0] AndroidManifest.xml:34:17-139
90                android:value="com.google.firebase.components.ComponentRegistrar" />
90-->[com.google.android.gms:play-services-measurement-api:22.4.0] AndroidManifest.xml:35:17-82
91            <meta-data
91-->[com.google.firebase:firebase-storage-ktx:21.0.1] AndroidManifest.xml:12:13-14:85
92                android:name="com.google.firebase.components:com.google.firebase.storage.ktx.FirebaseStorageLegacyRegistrar"
92-->[com.google.firebase:firebase-storage-ktx:21.0.1] AndroidManifest.xml:13:17-125
93                android:value="com.google.firebase.components.ComponentRegistrar" />
93-->[com.google.firebase:firebase-storage-ktx:21.0.1] AndroidManifest.xml:14:17-82
94            <meta-data
94-->[com.google.firebase:firebase-storage:21.0.1] AndroidManifest.xml:30:13-32:85
95                android:name="com.google.firebase.components:com.google.firebase.storage.FirebaseStorageKtxRegistrar"
95-->[com.google.firebase:firebase-storage:21.0.1] AndroidManifest.xml:31:17-118
96                android:value="com.google.firebase.components.ComponentRegistrar" />
96-->[com.google.firebase:firebase-storage:21.0.1] AndroidManifest.xml:32:17-82
97            <meta-data
97-->[com.google.firebase:firebase-storage:21.0.1] AndroidManifest.xml:33:13-35:85
98                android:name="com.google.firebase.components:com.google.firebase.storage.StorageRegistrar"
98-->[com.google.firebase:firebase-storage:21.0.1] AndroidManifest.xml:34:17-107
99                android:value="com.google.firebase.components.ComponentRegistrar" />
99-->[com.google.firebase:firebase-storage:21.0.1] AndroidManifest.xml:35:17-82
100            <meta-data
100-->[com.google.firebase:firebase-appcheck:18.0.0] AndroidManifest.xml:25:13-27:85
101                android:name="com.google.firebase.components:com.google.firebase.appcheck.FirebaseAppCheckKtxRegistrar"
101-->[com.google.firebase:firebase-appcheck:18.0.0] AndroidManifest.xml:26:17-120
102                android:value="com.google.firebase.components.ComponentRegistrar" />
102-->[com.google.firebase:firebase-appcheck:18.0.0] AndroidManifest.xml:27:17-82
103            <meta-data
103-->[com.google.firebase:firebase-appcheck:18.0.0] AndroidManifest.xml:28:13-30:85
104                android:name="com.google.firebase.components:com.google.firebase.appcheck.FirebaseAppCheckRegistrar"
104-->[com.google.firebase:firebase-appcheck:18.0.0] AndroidManifest.xml:29:17-117
105                android:value="com.google.firebase.components.ComponentRegistrar" />
105-->[com.google.firebase:firebase-appcheck:18.0.0] AndroidManifest.xml:30:17-82
106            <meta-data
106-->[com.google.firebase:firebase-installations:18.0.0] AndroidManifest.xml:15:13-17:85
107                android:name="com.google.firebase.components:com.google.firebase.installations.FirebaseInstallationsKtxRegistrar"
107-->[com.google.firebase:firebase-installations:18.0.0] AndroidManifest.xml:16:17-130
108                android:value="com.google.firebase.components.ComponentRegistrar" />
108-->[com.google.firebase:firebase-installations:18.0.0] AndroidManifest.xml:17:17-82
109            <meta-data
109-->[com.google.firebase:firebase-installations:18.0.0] AndroidManifest.xml:18:13-20:85
110                android:name="com.google.firebase.components:com.google.firebase.installations.FirebaseInstallationsRegistrar"
110-->[com.google.firebase:firebase-installations:18.0.0] AndroidManifest.xml:19:17-127
111                android:value="com.google.firebase.components.ComponentRegistrar" />
111-->[com.google.firebase:firebase-installations:18.0.0] AndroidManifest.xml:20:17-82
112            <meta-data
112-->[com.google.firebase:firebase-common-ktx:21.0.0] AndroidManifest.xml:12:13-14:85
113                android:name="com.google.firebase.components:com.google.firebase.ktx.FirebaseCommonLegacyRegistrar"
113-->[com.google.firebase:firebase-common-ktx:21.0.0] AndroidManifest.xml:13:17-116
114                android:value="com.google.firebase.components.ComponentRegistrar" />
114-->[com.google.firebase:firebase-common-ktx:21.0.0] AndroidManifest.xml:14:17-82
115            <meta-data
115-->[com.google.firebase:firebase-common:21.0.0] AndroidManifest.xml:35:13-37:85
116                android:name="com.google.firebase.components:com.google.firebase.FirebaseCommonKtxRegistrar"
116-->[com.google.firebase:firebase-common:21.0.0] AndroidManifest.xml:36:17-109
117                android:value="com.google.firebase.components.ComponentRegistrar" />
117-->[com.google.firebase:firebase-common:21.0.0] AndroidManifest.xml:37:17-82
118        </service>
119
120        <activity
120-->[com.google.firebase:firebase-auth:23.2.0] AndroidManifest.xml:29:9-46:20
121            android:name="com.google.firebase.auth.internal.GenericIdpActivity"
121-->[com.google.firebase:firebase-auth:23.2.0] AndroidManifest.xml:30:13-80
122            android:excludeFromRecents="true"
122-->[com.google.firebase:firebase-auth:23.2.0] AndroidManifest.xml:31:13-46
123            android:exported="true"
123-->[com.google.firebase:firebase-auth:23.2.0] AndroidManifest.xml:32:13-36
124            android:launchMode="singleTask"
124-->[com.google.firebase:firebase-auth:23.2.0] AndroidManifest.xml:33:13-44
125            android:theme="@android:style/Theme.Translucent.NoTitleBar" >
125-->[com.google.firebase:firebase-auth:23.2.0] AndroidManifest.xml:34:13-72
126            <intent-filter>
126-->[com.google.firebase:firebase-auth:23.2.0] AndroidManifest.xml:35:13-45:29
127                <action android:name="android.intent.action.VIEW" />
127-->[com.google.firebase:firebase-auth:23.2.0] AndroidManifest.xml:36:17-69
127-->[com.google.firebase:firebase-auth:23.2.0] AndroidManifest.xml:36:25-66
128
129                <category android:name="android.intent.category.DEFAULT" />
129-->[com.google.firebase:firebase-auth:23.2.0] AndroidManifest.xml:38:17-76
129-->[com.google.firebase:firebase-auth:23.2.0] AndroidManifest.xml:38:27-73
130                <category android:name="android.intent.category.BROWSABLE" />
130-->[com.google.firebase:firebase-auth:23.2.0] AndroidManifest.xml:39:17-78
130-->[com.google.firebase:firebase-auth:23.2.0] AndroidManifest.xml:39:27-75
131
132                <data
132-->[com.google.firebase:firebase-auth:23.2.0] AndroidManifest.xml:41:17-44:51
133                    android:host="firebase.auth"
133-->[com.google.firebase:firebase-auth:23.2.0] AndroidManifest.xml:42:21-49
134                    android:path="/"
134-->[com.google.firebase:firebase-auth:23.2.0] AndroidManifest.xml:43:21-37
135                    android:scheme="genericidp" />
135-->[com.google.firebase:firebase-auth:23.2.0] AndroidManifest.xml:44:21-48
136            </intent-filter>
137        </activity>
138        <activity
138-->[com.google.firebase:firebase-auth:23.2.0] AndroidManifest.xml:47:9-64:20
139            android:name="com.google.firebase.auth.internal.RecaptchaActivity"
139-->[com.google.firebase:firebase-auth:23.2.0] AndroidManifest.xml:48:13-79
140            android:excludeFromRecents="true"
140-->[com.google.firebase:firebase-auth:23.2.0] AndroidManifest.xml:49:13-46
141            android:exported="true"
141-->[com.google.firebase:firebase-auth:23.2.0] AndroidManifest.xml:50:13-36
142            android:launchMode="singleTask"
142-->[com.google.firebase:firebase-auth:23.2.0] AndroidManifest.xml:51:13-44
143            android:theme="@android:style/Theme.Translucent.NoTitleBar" >
143-->[com.google.firebase:firebase-auth:23.2.0] AndroidManifest.xml:52:13-72
144            <intent-filter>
144-->[com.google.firebase:firebase-auth:23.2.0] AndroidManifest.xml:53:13-63:29
145                <action android:name="android.intent.action.VIEW" />
145-->[com.google.firebase:firebase-auth:23.2.0] AndroidManifest.xml:36:17-69
145-->[com.google.firebase:firebase-auth:23.2.0] AndroidManifest.xml:36:25-66
146
147                <category android:name="android.intent.category.DEFAULT" />
147-->[com.google.firebase:firebase-auth:23.2.0] AndroidManifest.xml:38:17-76
147-->[com.google.firebase:firebase-auth:23.2.0] AndroidManifest.xml:38:27-73
148                <category android:name="android.intent.category.BROWSABLE" />
148-->[com.google.firebase:firebase-auth:23.2.0] AndroidManifest.xml:39:17-78
148-->[com.google.firebase:firebase-auth:23.2.0] AndroidManifest.xml:39:27-75
149
150                <data
150-->[com.google.firebase:firebase-auth:23.2.0] AndroidManifest.xml:41:17-44:51
151                    android:host="firebase.auth"
151-->[com.google.firebase:firebase-auth:23.2.0] AndroidManifest.xml:42:21-49
152                    android:path="/"
152-->[com.google.firebase:firebase-auth:23.2.0] AndroidManifest.xml:43:21-37
153                    android:scheme="recaptcha" />
153-->[com.google.firebase:firebase-auth:23.2.0] AndroidManifest.xml:44:21-48
154            </intent-filter>
155        </activity>
156
157        <service
157-->[com.google.android.gms:play-services-mlkit-barcode-scanning:18.3.0] AndroidManifest.xml:9:9-15:19
158            android:name="com.google.mlkit.common.internal.MlKitComponentDiscoveryService"
158-->[com.google.android.gms:play-services-mlkit-barcode-scanning:18.3.0] AndroidManifest.xml:10:13-91
159            android:directBootAware="true"
159-->[com.google.mlkit:common:18.9.0] AndroidManifest.xml:17:13-43
160            android:exported="false" >
160-->[com.google.android.gms:play-services-mlkit-barcode-scanning:18.3.0] AndroidManifest.xml:11:13-37
161            <meta-data
161-->[com.google.android.gms:play-services-mlkit-barcode-scanning:18.3.0] AndroidManifest.xml:12:13-14:85
162                android:name="com.google.firebase.components:com.google.mlkit.vision.barcode.internal.BarcodeRegistrar"
162-->[com.google.android.gms:play-services-mlkit-barcode-scanning:18.3.0] AndroidManifest.xml:13:17-120
163                android:value="com.google.firebase.components.ComponentRegistrar" />
163-->[com.google.android.gms:play-services-mlkit-barcode-scanning:18.3.0] AndroidManifest.xml:14:17-82
164            <meta-data
164-->[com.google.mlkit:vision-common:17.3.0] AndroidManifest.xml:12:13-14:85
165                android:name="com.google.firebase.components:com.google.mlkit.vision.common.internal.VisionCommonRegistrar"
165-->[com.google.mlkit:vision-common:17.3.0] AndroidManifest.xml:13:17-124
166                android:value="com.google.firebase.components.ComponentRegistrar" />
166-->[com.google.mlkit:vision-common:17.3.0] AndroidManifest.xml:14:17-82
167            <meta-data
167-->[com.google.mlkit:common:18.9.0] AndroidManifest.xml:20:13-22:85
168                android:name="com.google.firebase.components:com.google.mlkit.common.internal.CommonComponentRegistrar"
168-->[com.google.mlkit:common:18.9.0] AndroidManifest.xml:21:17-120
169                android:value="com.google.firebase.components.ComponentRegistrar" />
169-->[com.google.mlkit:common:18.9.0] AndroidManifest.xml:22:17-82
170        </service>
171
172        <provider
172-->[com.google.mlkit:common:18.9.0] AndroidManifest.xml:9:9-13:38
173            android:name="com.google.mlkit.common.internal.MlKitInitProvider"
173-->[com.google.mlkit:common:18.9.0] AndroidManifest.xml:10:13-78
174            android:authorities="com.example.superid.mlkitinitprovider"
174-->[com.google.mlkit:common:18.9.0] AndroidManifest.xml:11:13-69
175            android:exported="false"
175-->[com.google.mlkit:common:18.9.0] AndroidManifest.xml:12:13-37
176            android:initOrder="99" />
176-->[com.google.mlkit:common:18.9.0] AndroidManifest.xml:13:13-35
177
178        <receiver
178-->[com.google.android.gms:play-services-measurement:22.4.0] AndroidManifest.xml:29:9-33:20
179            android:name="com.google.android.gms.measurement.AppMeasurementReceiver"
179-->[com.google.android.gms:play-services-measurement:22.4.0] AndroidManifest.xml:30:13-85
180            android:enabled="true"
180-->[com.google.android.gms:play-services-measurement:22.4.0] AndroidManifest.xml:31:13-35
181            android:exported="false" >
181-->[com.google.android.gms:play-services-measurement:22.4.0] AndroidManifest.xml:32:13-37
182        </receiver>
183
184        <service
184-->[com.google.android.gms:play-services-measurement:22.4.0] AndroidManifest.xml:35:9-38:40
185            android:name="com.google.android.gms.measurement.AppMeasurementService"
185-->[com.google.android.gms:play-services-measurement:22.4.0] AndroidManifest.xml:36:13-84
186            android:enabled="true"
186-->[com.google.android.gms:play-services-measurement:22.4.0] AndroidManifest.xml:37:13-35
187            android:exported="false" />
187-->[com.google.android.gms:play-services-measurement:22.4.0] AndroidManifest.xml:38:13-37
188        <service
188-->[com.google.android.gms:play-services-measurement:22.4.0] AndroidManifest.xml:39:9-43:72
189            android:name="com.google.android.gms.measurement.AppMeasurementJobService"
189-->[com.google.android.gms:play-services-measurement:22.4.0] AndroidManifest.xml:40:13-87
190            android:enabled="true"
190-->[com.google.android.gms:play-services-measurement:22.4.0] AndroidManifest.xml:41:13-35
191            android:exported="false"
191-->[com.google.android.gms:play-services-measurement:22.4.0] AndroidManifest.xml:42:13-37
192            android:permission="android.permission.BIND_JOB_SERVICE" />
192-->[com.google.android.gms:play-services-measurement:22.4.0] AndroidManifest.xml:43:13-69
193        <service
193-->[androidx.credentials:credentials-play-services-auth:1.2.0-rc01] AndroidManifest.xml:24:9-32:19
194            android:name="androidx.credentials.playservices.CredentialProviderMetadataHolder"
194-->[androidx.credentials:credentials-play-services-auth:1.2.0-rc01] AndroidManifest.xml:25:13-94
195            android:enabled="true"
195-->[androidx.credentials:credentials-play-services-auth:1.2.0-rc01] AndroidManifest.xml:26:13-35
196            android:exported="false" >
196-->[androidx.credentials:credentials-play-services-auth:1.2.0-rc01] AndroidManifest.xml:27:13-37
197            <meta-data
197-->[androidx.credentials:credentials-play-services-auth:1.2.0-rc01] AndroidManifest.xml:29:13-31:104
198                android:name="androidx.credentials.CREDENTIAL_PROVIDER_KEY"
198-->[androidx.credentials:credentials-play-services-auth:1.2.0-rc01] AndroidManifest.xml:30:17-76
199                android:value="androidx.credentials.playservices.CredentialProviderPlayServicesImpl" />
199-->[androidx.credentials:credentials-play-services-auth:1.2.0-rc01] AndroidManifest.xml:31:17-101
200        </service>
201
202        <activity
202-->[androidx.credentials:credentials-play-services-auth:1.2.0-rc01] AndroidManifest.xml:34:9-41:20
203            android:name="androidx.credentials.playservices.HiddenActivity"
203-->[androidx.credentials:credentials-play-services-auth:1.2.0-rc01] AndroidManifest.xml:35:13-76
204            android:configChanges="orientation|screenSize|screenLayout|keyboardHidden"
204-->[androidx.credentials:credentials-play-services-auth:1.2.0-rc01] AndroidManifest.xml:36:13-87
205            android:enabled="true"
205-->[androidx.credentials:credentials-play-services-auth:1.2.0-rc01] AndroidManifest.xml:37:13-35
206            android:exported="false"
206-->[androidx.credentials:credentials-play-services-auth:1.2.0-rc01] AndroidManifest.xml:38:13-37
207            android:fitsSystemWindows="true"
207-->[androidx.credentials:credentials-play-services-auth:1.2.0-rc01] AndroidManifest.xml:39:13-45
208            android:theme="@style/Theme.Hidden" >
208-->[androidx.credentials:credentials-play-services-auth:1.2.0-rc01] AndroidManifest.xml:40:13-48
209        </activity>
210        <activity
210-->[com.google.android.gms:play-services-auth:20.7.0] AndroidManifest.xml:23:9-27:75
211            android:name="com.google.android.gms.auth.api.signin.internal.SignInHubActivity"
211-->[com.google.android.gms:play-services-auth:20.7.0] AndroidManifest.xml:24:13-93
212            android:excludeFromRecents="true"
212-->[com.google.android.gms:play-services-auth:20.7.0] AndroidManifest.xml:25:13-46
213            android:exported="false"
213-->[com.google.android.gms:play-services-auth:20.7.0] AndroidManifest.xml:26:13-37
214            android:theme="@android:style/Theme.Translucent.NoTitleBar" />
214-->[com.google.android.gms:play-services-auth:20.7.0] AndroidManifest.xml:27:13-72
215        <!--
216            Service handling Google Sign-In user revocation. For apps that do not integrate with
217            Google Sign-In, this service will never be started.
218        -->
219        <service
219-->[com.google.android.gms:play-services-auth:20.7.0] AndroidManifest.xml:33:9-37:51
220            android:name="com.google.android.gms.auth.api.signin.RevocationBoundService"
220-->[com.google.android.gms:play-services-auth:20.7.0] AndroidManifest.xml:34:13-89
221            android:exported="true"
221-->[com.google.android.gms:play-services-auth:20.7.0] AndroidManifest.xml:35:13-36
222            android:permission="com.google.android.gms.auth.api.signin.permission.REVOCATION_NOTIFICATION"
222-->[com.google.android.gms:play-services-auth:20.7.0] AndroidManifest.xml:36:13-107
223            android:visibleToInstantApps="true" />
223-->[com.google.android.gms:play-services-auth:20.7.0] AndroidManifest.xml:37:13-48
224
225        <provider
225-->[com.google.firebase:firebase-common:21.0.0] AndroidManifest.xml:23:9-28:39
226            android:name="com.google.firebase.provider.FirebaseInitProvider"
226-->[com.google.firebase:firebase-common:21.0.0] AndroidManifest.xml:24:13-77
227            android:authorities="com.example.superid.firebaseinitprovider"
227-->[com.google.firebase:firebase-common:21.0.0] AndroidManifest.xml:25:13-72
228            android:directBootAware="true"
228-->[com.google.firebase:firebase-common:21.0.0] AndroidManifest.xml:26:13-43
229            android:exported="false"
229-->[com.google.firebase:firebase-common:21.0.0] AndroidManifest.xml:27:13-37
230            android:initOrder="100" />
230-->[com.google.firebase:firebase-common:21.0.0] AndroidManifest.xml:28:13-36
231
232        <service
232-->[androidx.camera:camera-camera2:1.1.0] AndroidManifest.xml:26:9-35:19
233            android:name="androidx.camera.core.impl.MetadataHolderService"
233-->[androidx.camera:camera-camera2:1.1.0] AndroidManifest.xml:27:13-75
234            android:enabled="false"
234-->[androidx.camera:camera-camera2:1.1.0] AndroidManifest.xml:28:13-36
235            android:exported="false" >
235-->[androidx.camera:camera-camera2:1.1.0] AndroidManifest.xml:29:13-37
236            <meta-data
236-->[androidx.camera:camera-camera2:1.1.0] AndroidManifest.xml:32:13-34:89
237                android:name="androidx.camera.core.impl.MetadataHolderService.DEFAULT_CONFIG_PROVIDER"
237-->[androidx.camera:camera-camera2:1.1.0] AndroidManifest.xml:33:17-103
238                android:value="androidx.camera.camera2.Camera2Config$DefaultProvider" />
238-->[androidx.camera:camera-camera2:1.1.0] AndroidManifest.xml:34:17-86
239        </service>
240
241        <provider
241-->[androidx.emoji2:emoji2:1.3.0] AndroidManifest.xml:24:9-32:20
242            android:name="androidx.startup.InitializationProvider"
242-->[androidx.emoji2:emoji2:1.3.0] AndroidManifest.xml:25:13-67
243            android:authorities="com.example.superid.androidx-startup"
243-->[androidx.emoji2:emoji2:1.3.0] AndroidManifest.xml:26:13-68
244            android:exported="false" >
244-->[androidx.emoji2:emoji2:1.3.0] AndroidManifest.xml:27:13-37
245            <meta-data
245-->[androidx.emoji2:emoji2:1.3.0] AndroidManifest.xml:29:13-31:52
246                android:name="androidx.emoji2.text.EmojiCompatInitializer"
246-->[androidx.emoji2:emoji2:1.3.0] AndroidManifest.xml:30:17-75
247                android:value="androidx.startup" />
247-->[androidx.emoji2:emoji2:1.3.0] AndroidManifest.xml:31:17-49
248            <meta-data
248-->[androidx.lifecycle:lifecycle-process:2.8.7] AndroidManifest.xml:29:13-31:52
249                android:name="androidx.lifecycle.ProcessLifecycleInitializer"
249-->[androidx.lifecycle:lifecycle-process:2.8.7] AndroidManifest.xml:30:17-78
250                android:value="androidx.startup" />
250-->[androidx.lifecycle:lifecycle-process:2.8.7] AndroidManifest.xml:31:17-49